\BOOKMARK [0][-]{chapter.1}{\376\377\000L\036\335\000i\000\040\000m\036\337\000\040\001\021\036\247\000u}{}% 1
\BOOKMARK [1][-]{section.1.1}{\376\377\000L\000\375\000\040\000d\000o\000\040\000v\000\340\000\040\000t\000\355\000n\000h\000\040\000c\036\245\000p\000\040\000t\000h\000i\036\277\000t\000\040\000c\036\347\000a\000\040\001\021\036\343\000t\000\040\000t\000h\036\361\000c\000\040\000t\036\255\000p}{chapter.1}% 2
\BOOKMARK [1][-]{section.1.2}{\376\377\000M\036\345\000c\000\040\000t\000i\000\352\000u\000\040\000c\036\347\000a\000\040\001\021\036\343\000t\000\040\000t\000h\036\361\000c\000\040\000t\036\255\000p}{chapter.1}% 3
\BOOKMARK [1][-]{section.1.3}{\376\377\000\335\000\040\000n\000g\000h\001\051\000a\000\040\000c\036\347\000a\000\040\001\021\036\343\000t\000\040\000t\000h\036\361\000c\000\040\000t\036\255\000p}{chapter.1}% 4
\BOOKMARK [0][-]{chapter.2}{\376\377\000T\036\325\000n\000g\000\040\000q\000u\000a\000n}{}% 5
\BOOKMARK [1][-]{section.2.1}{\376\377\000V\036\245\000n\000\040\001\021\036\301\000\040\000t\000h\036\361\000c\000\040\000t\036\255\000p}{chapter.2}% 6
\BOOKMARK [1][-]{section.2.2}{\376\377\001\020\036\313\000a\000\040\001\021\000i\036\303\000m\000\040\000t\000h\036\361\000c\000\040\000t\036\255\000p}{chapter.2}% 7
\BOOKMARK [0][-]{chapter.3}{\376\377\000B\036\303\000\040\000d\000\340\000n\000\040\000t\000i\000\352\000u\000\040\000b\036\243\000n\000\040\000v\000\340\000\040\000M\000\341\000y\000\040\000s\036\245\000y\000\040\000t\000i\000\352\000u\000\040\000b\036\243\000n}{}% 8
\BOOKMARK [1][-]{section.3.1}{\376\377\000B\036\303\000\040\000d\000\340\000n\000\040\000t\000i\000\352\000u\000\040\000b\036\243\000n}{chapter.3}% 9
\BOOKMARK [2][-]{subsection.3.1.1}{\376\377\000G\000i\036\333\000i\000\040\000t\000h\000i\036\307\000u\000\040\000c\000h\000u\000n\000g}{section.3.1}% 10
\BOOKMARK [2][-]{subsection.3.1.2}{\376\377\000M\036\345\000c\000\040\001\021\000\355\000c\000h\000\040\000s\036\355\000\040\000d\036\345\000n\000g}{section.3.1}% 11
\BOOKMARK [2][-]{subsection.3.1.3}{\376\377\000C\036\245\000u\000\040\000t\036\241\000o}{section.3.1}% 12
\BOOKMARK [2][-]{subsection.3.1.4}{\376\377\000T\000h\000\364\000n\000g\000\040\000s\036\321\000\040\000k\036\371\000\040\000t\000h\000u\036\255\000t}{section.3.1}% 13
\BOOKMARK [2][-]{subsection.3.1.5}{\376\377\000D\000a\000n\000h\000\040\000s\000\341\000c\000h\000\040\000p\000h\036\345\000\040\000k\000i\036\307\000n\000\040\001\021\000i\000\040\000k\000\350\000m}{section.3.1}% 14
\BOOKMARK [2][-]{subsection.3.1.6}{\376\377\000N\000g\000u\000y\000\352\000n\000\040\000l\000\375\000\040\000h\000o\036\241\000t\000\040\001\021\036\331\000n\000g}{section.3.1}% 15
\BOOKMARK [2][-]{subsection.3.1.7}{\376\377\000L\036\257\000p\000\040\001\021\036\267\000t}{section.3.1}% 16
\BOOKMARK [2][-]{subsection.3.1.8}{\376\377\000Q\000u\000y\000\040\000t\000\354\000n\000h\000\040\000v\036\255\000n\000\040\000h\000\340\000n\000h}{section.3.1}% 17
\BOOKMARK [2][-]{subsection.3.1.9}{\376\377\000B\036\243\000o\000\040\000d\001\260\036\341\000n\000g}{section.3.1}% 18
\BOOKMARK [1][-]{section.3.2}{\376\377\000M\000\341\000y\000\040\000s\036\245\000y\000\040\000t\000i\000\352\000u\000\040\000b\036\243\000n}{chapter.3}% 19
\BOOKMARK [2][-]{subsection.3.2.1}{\376\377\000G\000i\036\333\000i\000\040\000t\000h\000i\036\307\000u\000\040\000c\000h\000u\000n\000g}{section.3.2}% 20
\BOOKMARK [2][-]{subsection.3.2.2}{\376\377\000C\036\245\000u\000\040\000t\036\241\000o}{section.3.2}% 21
\BOOKMARK [2][-]{subsection.3.2.3}{\376\377\000T\000h\000\364\000n\000g\000\040\000s\036\321\000\040\000k\036\371\000\040\000t\000h\000u\036\255\000t}{section.3.2}% 22
\BOOKMARK [2][-]{subsection.3.2.4}{\376\377\000L\036\257\000p\000\040\001\021\036\267\000t}{section.3.2}% 23
\BOOKMARK [2][-]{subsection.3.2.5}{\376\377\000V\036\255\000n\000\040\000h\000\340\000n\000h}{section.3.2}% 24
\BOOKMARK [2][-]{subsection.3.2.6}{\376\377\000K\000h\036\257\000c\000\040\000p\000h\036\345\000c\000\040\000s\036\361\000\040\000c\036\321}{section.3.2}% 25
\BOOKMARK [2][-]{subsection.3.2.7}{\376\377\000B\036\243\000o\000\040\000d\001\260\036\341\000n\000g}{section.3.2}% 26
\BOOKMARK [0][-]{chapter.4}{\376\377\000M\000\341\000y\000\040\001\021\000o\000\040\000c\000h\036\351\000c\000\040\000n\001\003\000n\000g\000\040\000h\000\364\000\040\000h\036\245\000p\000\040\001\021\036\303\000\040\000b\000\340\000n\000\040\000S\000p\000i\000r\000o\000S\000c\000o\000u\000t}{}% 27
\BOOKMARK [1][-]{section.4.1}{\376\377\000G\000i\036\333\000i\000\040\000t\000h\000i\036\307\000u\000\040\000c\000h\000u\000n\000g}{chapter.4}% 28
\BOOKMARK [1][-]{section.4.2}{\376\377\000T\000i\000\352\000u\000\040\000c\000h\000u\036\251\000n\000\040\000a\000n\000\040\000t\000o\000\340\000n}{chapter.4}% 29
\BOOKMARK [2][-]{subsection.4.2.1}{\376\377\000M\036\345\000c\000\040\001\021\000\355\000c\000h\000\040\000s\036\355\000\040\000d\036\345\000n\000g}{section.4.2}% 30
\BOOKMARK [2][-]{subsection.4.2.2}{\376\377\000C\000h\036\321\000n\000g\000\040\000c\000h\036\311\000\040\001\021\036\313\000n\000h}{section.4.2}% 31
\BOOKMARK [1][-]{section.4.3}{\376\377\000C\036\245\000u\000\040\000t\036\241\000o\000\040\000v\000\340\000\040\000t\000h\000\364\000n\000g\000\040\000s\036\321\000\040\000k\036\371\000\040\000t\000h\000u\036\255\000t}{chapter.4}% 32
\BOOKMARK [2][-]{subsection.4.3.1}{\376\377\000M\000\341\000y\000\040\000t\000\355\000n\000h\000\040\000t\000r\036\241\000m}{section.4.3}% 33
\BOOKMARK [2][-]{subsection.4.3.2}{\376\377\000P\000h\036\247\000n\000\040\000m\036\301\000m\000\040\000L\000P\000X}{section.4.3}% 34
\BOOKMARK [2][-]{subsection.4.3.3}{\376\377\000S\000p\000i\000r\000o\000S\000c\000o\000u\000t}{section.4.3}% 35
\BOOKMARK [2][-]{subsection.4.3.4}{\376\377\000S\000c\000o\000u\000t\000T\000u\000b\000e\000\040\000-\000\040\000F\000P\000T\000\040\000F\000i\000l\000t\000e\000r}{section.4.3}% 36
\BOOKMARK [2][-]{subsection.4.3.5}{\376\377\001\020\036\247\000u\000\040\000n\036\321\000i\000,\000\040\000b\036\331\000\040\001\021\000i\036\301\000u\000\040\000k\000h\000i\036\303\000n\000\040\000v\000\340\000\040\000c\000h\036\311\000\040\000b\000\341\000o\000\040\000S\000p\000i\000r\000o\000S\000c\000o\000u\000t}{section.4.3}% 37
\BOOKMARK [1][-]{section.4.4}{\376\377\000P\000h\036\247\000n\000\040\000m\036\301\000m\000\040\000L\000F\000X}{chapter.4}% 38
\BOOKMARK [2][-]{subsection.4.4.1}{\376\377\000N\000h\036\255\000p\000\040\000d\036\357\000\040\000l\000i\036\307\000u}{section.4.4}% 39
\BOOKMARK [1][-]{section.4.5}{\376\377\000N\000g\000u\000y\000\352\000n\000\040\000l\000\375\000\040\001\021\000o\000\040\000l\001\260\036\335\000n\000g}{chapter.4}% 40
\BOOKMARK [1][-]{section.4.6}{\376\377\000Q\000u\000y\000\040\000t\000r\000\354\000n\000h\000\040\000v\036\255\000n\000\040\000h\000\340\000n\000h}{chapter.4}% 41
\BOOKMARK [2][-]{subsection.4.6.1}{\376\377\000Q\000u\000\341\000\040\000t\000r\000\354\000n\000h\000\040\000l\036\257\000p\000\040\001\021\036\267\000t\000\040\000v\000\340\000\040\000c\000h\000u\036\251\000n\000\040\000b\036\313\000\040\000b\000a\000n\000\040\001\021\036\247\000u}{section.4.6}% 42
\BOOKMARK [2][-]{subsection.4.6.2}{\376\377\000L\036\257\000p\000\040\000b\036\331\000\040\000l\036\315\000c\000\040\000t\000h\036\337\000\040\000P\000F\000T\000\040\000d\000\371\000n\000g\000\040\000m\036\331\000t\000\040\000l\036\247\000n}{section.4.6}% 43
\BOOKMARK [2][-]{subsection.4.6.3}{\376\377\000L\000\340\000m\000\040\000s\036\241\000c\000h\000\040\000v\000\340\000\040\000k\000h\036\355\000\040\000t\000r\000\371\000n\000g}{section.4.6}% 44
\BOOKMARK [2][-]{subsection.4.6.4}{\376\377\000X\000\341\000c\000\040\000m\000i\000n\000h\000\040\000v\000\340\000\040\000h\000i\036\307\000u\000\040\000c\000h\036\311\000n\000h}{section.4.6}% 45
\BOOKMARK [2][-]{subsection.4.6.5}{\376\377\000K\036\277\000t\000\040\000q\000u\036\243\000\040\000t\036\321\000t\000\040\000n\000h\036\245\000t\000\040\000v\000\340\000\040\000g\000i\000\341\000\040\000t\000r\036\313\000\040\000d\036\361\000\040\001\021\000o\000\341\000n}{section.4.6}% 46
\BOOKMARK [2][-]{subsection.4.6.6}{\376\377\000T\036\325\000n\000g\000\040\000q\000u\000a\000n\000\040\000p\000h\000\351\000p\000\040\001\021\000o}{section.4.6}% 47
\BOOKMARK [1][-]{section.4.7}{\376\377\000H\000\354\000n\000h\000\040\036\243\000n\000h\000\040\000c\036\347\000a\000\040\000m\036\331\000t\000\040\000s\036\321\000\040\000p\000h\000\351\000p\000\040\001\021\000o}{chapter.4}% 48
\BOOKMARK [2][-]{subsection.4.7.1}{\376\377\001\020\000o\000\040\000p\000h\036\277\000\040\000d\000u\000n\000g\000\040\000k\000\375\000\040\000c\000h\036\255\000m}{section.4.7}% 49
\BOOKMARK [2][-]{subsection.4.7.2}{\376\377\001\020\000o\000\040\000p\000h\036\277\000\040\000d\000u\000n\000g\000\040\000k\000\375\000\040\000c\001\260\036\341\000n\000g\000\040\000b\036\351\000c}{section.4.7}% 50
\BOOKMARK [1][-]{section.4.8}{\376\377\000X\036\355\000\040\000l\000\375\000\040\000s\036\361\000\040\000c\036\321}{chapter.4}% 51
\BOOKMARK [1][-]{section.4.9}{\376\377\000B\036\243\000o\000\040\000t\000r\000\354}{chapter.4}% 52
\BOOKMARK [2][-]{subsection.4.9.1}{\376\377\000D\036\313\000c\000h\000\040\000v\036\345\000\040\000k\036\371\000\040\000t\000h\000u\036\255\000t}{section.4.9}% 53
\BOOKMARK [2][-]{subsection.4.9.2}{\376\377\000Q\000u\000y\000\040\000t\000r\000\354\000n\000h\000\040\000V\036\307\000\040\000s\000i\000n\000h\000\040\000v\000\340\000\040\000K\000h\036\355\000\040\000t\000r\000\371\000n\000g}{section.4.9}% 54
\BOOKMARK [2][-]{subsection.4.9.3}{\376\377\000L\036\257\000p\000\040\000r\000\341\000p\000\040\000v\000\340\000\040\000t\000h\000\341\000o\000\040\000d\036\335\000i\000\040\001\021\036\247\000u\000\040\000d\000\362\000\040\000s\000i\000\352\000u\000\040\000\342\000m}{section.4.9}% 55
\BOOKMARK [1][-]{section.4.10}{\376\377\000H\000\354\000n\000h\000\040\036\243\000n\000h\000\040\000t\000h\036\361\000c\000\040\000t\036\277}{chapter.4}% 56
\BOOKMARK [0][-]{chapter.5}{\376\377\000K\036\277\000t\000\040\000L\000u\036\255\000n}{}% 57
